2026-05-25T00:00:00Z  v1  09a67b12adda862179ac8a6d203150ecb62f3b224f072a1479b87e972999b409  113f50df2e2363dea03867bd27e53601cb9d15af  initial stabilize baseline
2026-05-25T18:21:12Z  v2  09a67b12adda862179ac8a6d203150ecb62f3b224f072a1479b87e972999b409  6f82fd2e2e3581f4ef2ca2afc0771e8ec327d87b  Add stabilize target and stable binary registry
2026-05-25T18:25:57Z  v3  09a67b12adda862179ac8a6d203150ecb62f3b224f072a1479b87e972999b409  2bca4e82cdb54ae80551fe2fb56492faec53f2b8  Track versioned stable binaries in git
2026-05-25T19:23:07Z  v4  bbe5785af8cf6f94a3ccfb880f89f5fc59943b2a885a2302d723d0d919d56e4e  d75a6a423f555a65a8c0d490d3e922f330195b42  Stage 2b: wire expression AST building (parallel with direct emit)
2026-05-28T14:55:07Z  v5  4ad3a9d46b6e32cda411db26099f4d0d3b55295cab1f03ac1ef51202285eb716  de1bc00ef3c28d702e02f0dfedf8bf352e08422b  feat(ir): lower repeat to label jumps
2026-05-28T15:06:19Z  v6  c2e1475ddd07b3a55a750c531ad24079d50b0f3e4a531882b85d2cbfff4edb9d  de1bc00ef3c28d702e02f0dfedf8bf352e08422b  feat(ir): lower repeat to label jumps
2026-05-28T18:51:15Z  v7  cf9f86fffa08110e079dc02174c17775f81cf4f8cbc2af2ec4bfe111ba93593c  479b7e2e443be715f5b5a96e4b43a14e42391168  docs: add ordered implementation plan for missing Pascal features
2026-05-29T05:13:09Z  v8  8607861ee377255df8bcb95ad4bf33ac3a0caeb402488f7b5efa2a2ce65010a3  0aecd6b5bf46e94a0b9dfeaac8b7bdd90ef13659  fix(ir): implement IR_VIRTUAL_CALL to fix AN_VIRTUAL_CALL gap in IR backend
2026-06-19T13:26:16Z  v9  4e72841a60017c2bfea8c86c5fbb0074dc8a7603d6747e9fdeaa7079b8e9dfe8  d78d198ec88682e88de4efc309efec4368d73f05  feat(workflow): pinned stable-compiler track for parallel lib/demo work
2026-06-19T15:50:43Z  v10  a734a25df5f06926289b959239b7fdbcae889e994998f6d16ee1b8b7063e8af5  8b5364cc1bf7d34ac5656879da309bdbfee24029  docs(naming): combined maintainer ranking + Other/write-in path
2026-06-19T17:27:33Z  v11  73600eef4ae71ad8f7565667819dc74fdbbbfe4ba745c74540d3e69f1edf21a5  a214f60b4ec8486bac8b04d2d536415d410a9c81  feat(copy): generic dynamic-array Copy(arr, index[, count]) intrinsic
2026-06-19T19:25:29Z  v12  f0b479a7bebe4b92bfe5bda5a7f8c47ec455262be8af36d4f30305c1fc8f8729  361163ceafb6d8503c66bc3538afe4efba9394df  feat(generator): yield a record element from a generator
2026-06-19T20:19:56Z  v13  ee8cb8abf6b405fd6c759c64224aaa0aa6b1b6c62562daccdd6b38242e22fa3f  6f0865c33af5c54fd2dbf97659a4e535add282ea  fix(codegen): nil-init hidden aggregate-result record temps (full extent)
2026-06-20T02:02:32Z  v14  28453d6ebd82757771d0fafc6c8fe165c674a3210807a3560908b6fef5d36a1f  1df5c762957f1389fb19f5cd2332abd35d8ae92f  fix(parser): preserve proc index during managed zeroing
2026-06-20T06:49:21Z  v15  4bac688c87a11c30cb9aff9eb808e05d956b2ad5671eab5a41416c4cda0c7d4b  bb94412fc905fe45e820537922daacdd6f5fba4d  feat(parser,ir): member access on a function/method call result
2026-06-20T07:45:26Z  v16  edb3e3e0baf99338e78048bec124b0a0fbb1d43e508abb2c12f980714f649835  517c456e348cda47586c690de7a3f5f817b1faec  docs(ticket): pin a5afebb as the bug-c-quoted-include commit ref
2026-06-20T08:13:58Z  v17  7d09790ec6b637c8b3ab2fca7b68a8c988a73c9a26ce5e8722cf4e43df434729  6da40d6b5f0b76453c3e42d1dce7d3c85da66f76  feat(compiler): platform + capability define axis (PAL step 1)
2026-06-20T08:38:52Z  v18  7d09790ec6b637c8b3ab2fca7b68a8c988a73c9a26ce5e8722cf4e43df434729  24c696927afd046b1e2a8dbd67ef8211fd54e1bd  feat(crtl): cover POSIX regex headers
2026-06-20T09:10:04Z  v19  1ab241223bfa73d54f7e65047ac3d09b261ab8c7a37aa04c002cb1ce1c2c9a6d  84a4e6f46a7cfb7350bcd3f99876b37cfd6e3146  docs(progress): log library suite ticket
2026-06-20T09:23:17Z  v20  cdb2b2c0c1f01ecb7a4f4b0d8047ec5d58404a6c55638b22975d57f2f7f28e75  f9bdeb88ba0b62852ac3aff85de3e970ee0de146  feat(rtl): add PAL-backed text files
2026-06-20T12:57:37Z  v21  6e575713da48681a6aea126af861eef839f2523ac96ae6f30fcdb2d501c59ed4  54170d2c2633170b3f17a6c2c46ec50ffa2bd18f  docs(ticket): close subclass-field-offset + pcl-search-path (DONE)
2026-06-20T13:36:47Z  v22  37e152ead9b0b7587bc747476803a17e7ddcaeaff1792a3693e298778079a019  355192a49fe7a31b708dceb5bc713786ce94f2a3  feat(compiler): method calls on a hard class typecast TClass(x).M(args)
2026-06-20T16:05:51Z  v23  bb8e65776ea3d7661878305a0a9e37ce200458bd0449f9e2c43f999ac880ffeb  f7c9dc5fe08977aa6ac7a5b6312880174717dfca  fix(parser): array-of-string element -> managed AnsiString (per-use)
2026-06-20T17:03:42Z  v24  66d0163736d0d67648a7820da6cafe0322dbea82b25b2bbe058159e0f3c1b4bc  cc6717845ef59471c21986315892c09d7b411c7e  docs(ticket): record string-model slices 1-4p1 done; flip held
2026-06-20T17:35:13Z  v25  fad360a78c6203dc3c9d17f1bed16b633273f4d212926f26e723f3c6c384de58  0b28bfedc0ed5479ff43ca747f7b8b7fd96e764c  Implement PCL graphics, drawing, canvas, PaintBox, and GTK Cairo backend
2026-06-20T20:07:04Z  v26  227a58eb627ebcf9cf85fbcbddcb2ccd03dacd28359e9f891b4969a6ac53038f  1786e3620b331f4f8599b688bdb0d519482c0f85  test(string-model): RTTI typinfo frozen-name read + managed-flip regression
2026-06-21T11:00:00Z  v27  2ca8787544fad6e8c23a37e11691af5f6b1f727badfc37c46f4ba781f96a251f  e8a69822bef8412f74cfaa7113bef33fa1028731  docs(tickets): movslq pointer-truncation DONE; lexer suffix-keyword REJECTED
2026-06-21T11:14:42Z  v28  1b0f9c0791b1fea67574a6b4fa301fe9bddb7ddc395fc9846055bc9c9894cafd  3bd22eb31770cae8f5e8502eaf1b9bff870fa034  fix(parser): search .h/.c for units in the lib/pcl widgetset dir
2026-06-21T11:20:39Z  v29  5f5293f81bbd2988179cd580b7e142c32bdf2fc9e1131c8c483a4ec35636e9f8  d4dca78d33e3b3048fca1c0e098c7e8ffb3b551f  feat(tools): install.sh — `pxx` wrapper on PATH for the pinned compiler
2026-06-21T12:01:13Z  v30  9bb56f44863a381f89e0f2f191b03badb4e74bf9e23c7c0538132b193b175ff3  90090acfb0a564efb9379012375ae88d55da9fc6  docs(tickets): Inc/Dec lvalue bug DONE (reframed from feature); file local-typed-const
2026-06-21T12:49:38Z  v31  65b6177e660e16c6342fa1588787b1dcda5feb8c3ab7c66ea399a42fb0ae1506  a56f77300fec2f08b473413d005f1af11c38c711  feat(esp-float): Trunc + float unary minus on riscv32/xtensa
2026-06-21T13:31:06Z  v32  c01e163bedc66cbaae3c37c1f3cd00919a6af464f1b6b6c08f362f17b0300fa8  4c88d92366807d87e6ea8e76b552dabbb798b445  docs(ticket): esp-float Round/Frac/Int done; core functionally complete
2026-06-22T08:54:51Z  v33  489d7da765540f33c587438a10826588996a24ea528c79cbb29024d6c4effa41  c87785dc8782c12a64a37128e605d6e4cef28174  refactor(parser): harden all 9 paramless self-recursion sites to F()
2026-06-22T10:44:32Z  v34  73edfe40be62f1064c4e860874520cc4a3019af3b7a87ab893ffeddf300e678e  5153dd771c3f9aa742b08e84d3b1b0f2b845bddf  fix(parser): local variable shadows same-named paramless function
2026-06-22T11:45:31Z  v35  7d30d1e8d65991e4c2e55c75a9c160e1a8228e9d48b224dc9ce9d05a6b9ce017  4a37b0060c16c3e182963129ec451bcdfa58a50c  fix(parser): named dyn-array alias as a class/record field is a real dyn array
2026-06-22T12:07:45Z  v36  180adf3a51081dc3a51e9fbf831b76e8485d03b0702deb2d973533d75a222614  39d851a848aac13105f8f602901c477273bcd596  fix(codegen): whole dyn-array assignment into a record/object field
2026-06-22T13:25:49Z  v37  02dd962b748879bdf5d8e885be8ae65408640fdb59f0ddce2f56766cca1bc087  55350ffeb5297bdbcb39a05b449ebcc861971758  docs: record fix commit hashes in done tickets, refresh board
2026-06-22T17:46:40Z  v38  322ea1fdffb76b2683bc9a7312831aae1045be359096b2126ce8447bb0792117  ec50f2f86eaa7ded934e4c0f5084380bdfadc67f  fix(parser): fold Length/High of a whole 1-D static array to a constant
2026-06-23T12:58:29Z  v39  59d5aa64092018e982367fcd8b12c559d71fe5e87ecd14a25abd7c49e76008ef  6d285d57a0f7d89793ad457aa5e4294399e039e8  feat: array constructor [...] as an open-array argument
2026-06-23T14:12:21Z  v40  d9c7095c131d20187bc961cf3d328ad82df945080289862c9aeac6cd25ddc367  54b2657c584dc596a1ca0ebc765333443dec7c85  docs(progress): close bug-import-class-sibling-call (MAX_UMETH overflow)
2026-06-23T16:19:25Z  v41  74001f6639747822273e633918caa0f9669a71fa4c0671cea107f28700fc933b  a987d29f8c414a45cda914d468c6709d6b027085  docs(progress): close bug-pchar-empty-managed-string-nil
2026-06-23T17:22:05Z  v42  53c7b3684d174bb36b77414a30b533c36f9f889d428e3a7e15bf2d8b7dd6b5ac  8840c8d1eb2d2f842736c1bcee8b2fa186a90724  docs(progress): close bug-ir-unsupported-call-lvalue (no longer reproduces)
2026-06-23T19:12:49Z  v43  c7b316f234fa6994ebf2b0dcb01d3e861c00cc86cf5a0a9032327bf4e3ff4169  26fd9a435f722ae063ce05af39c0a048497c5702  docs(progress): close bug-consteval-precedence
2026-06-23T20:51:15Z  v44  4e2e39e67e0de88d68364aa39a5639cc50e1cf1d6b25f6c2341f003de8b54806  404abe4d35a44a242d95575414a4d4dbc2259e45  feat(codegen): metaclass-dispatched construction (classRefVar.Create)
2026-06-23T22:38:00Z  v45  f50c001dcbaba6c21e17edd3ba4a34f13d0142b1da7ea874af2e39efcf409d8b  989a5c569b149c9a18889679773ab8ea921e7f4a  fix(codegen): metaclass cast/GetClass canonical VMT + feat: const set literals
2026-06-23T23:03:47Z  v46  317d98bf8d54bab4628066bf87b62345348b7daef565a14fbaedb3d85c983983  4cb3b42bb3b65981f75594fec7c0590044fcbb4b  docs(progress): close metaclass-getclass-vmt (urgent) + const-set-literal
2026-06-24T04:37:56Z  v47  4fc8ea39db162fc3237b3cff928a0219c0928f77c309c2077c7f5e98209021b1  6a567adafac37dffc00983ede7a03b84955f9b27  fix(codegen): Length() of a dynarray function-call result
2026-06-24T05:16:04Z  v48  a5182cd0ab8c89df97bd36fd84cd35459a9fcd5c1ee3afc427b7478d7133299c  435d56530ed33a0f599f88e0a3297f6e49ed784e  fix(parser): local var shadowing a method hung the parser
2026-06-24T11:02:37Z  v49  813a380c70c74fcef05db71618baa72799a686e9a43b3448337281ba31cbb935  4251baa6e075df62c00500a1aea39bc7b5acf730  fix(i386/arm32): widening Int64(x) cast must sign/zero-extend, not just re-tag
2026-06-24T11:32:57Z  v50  e81844ec3cd3fd2c1494be5a61e66f4939dfb87ca896ab54ae8d4b1cbd1cb42c  82840b8297ac5eb8cebad579fe8250973073c9be  fix(lexer): radix-prefixed #$/#%/#& char-code literals
2026-06-24T14:43:12Z  v51  0725440358c2b80279e35d60d4c6035deab3da535122f71856aae5fea5247fcb  5965542108da2f14f71d84df24f19c807af01fc8  feat(parser): indexed (array) properties + default
2026-06-24T15:53:46Z  v52  82baba176932546547f7cf0461f499e518867f03eb4cf60d832feb2a73e7b279  73417619089a913f500d6936959e7a716adc111e  feat(parser): multi-index properties P[a, b]
2026-06-24T16:36:41Z  v53  e2f4d90495b256561dd752ec3e10d3b5acee61b4df1d5ce48a1ac4a0729fd1e3  70041300afe003c5e2abfe3aafbee2bef0d9b6b7  fix(tooling): graceful non-x86_64 install + gate demos behind install
2026-06-24T17:38:02Z  v54  98c6ebff80cd30bc363855065812faaad43105d2953d099f15769b7eb8e150f4  c56e6d7c9f270d4e9b2caefb865f3b6db717546a  fix(parser): Read/Write as method names + untyped params in methods
2026-06-24T18:38:59Z  v55  d026e64dfdb80b19659fc54e326053eded4086b88994bd25a99ef193e00faa67  62ee73c6f2c67c1c8f161d7b3f752fd064b43c88  fix(lexer): {$R-}/{$R+} are range-check toggles, not resources
2026-06-25T00:04:17Z  v56  ca123876de6fbf3d2fa3892f863764ae8821695b2e449d3341c060d343eac84f  738fcb0e350733370923a08543f70728f40ed5d8  chore(stable): pin v55 ({$R-} range-check toggle fix)
2026-06-25T00:18:14Z  v57  46b20eeaf83b5817bc1586acc45591117e46ba7d5e2c0b721a3b3c7830a4d0ce  1325fc5725f0d6aff3f389542c7202447eb57d57  chore(stable): pin v56 (AnsiString ordering relops fix)
2026-06-25T00:26:11Z  v58  9ba5d7ce00f5d812904f3d9584ff51c26f5dc7a0e961db0764b2d8ddcbad59cb  105cda3be0896e62fe53ff34d0b67b15a76e95d9  chore(stable): pin v57 (set-of-char const shadowing fix)
2026-06-25T00:44:29Z  v59  8863f39dd00034e58800f7605ea44f62a8583e95419966325e8bf826659dc84c  adec5270b4fc1327b44cb3b49a482a1bf1296a66  chore(stable): pin v58 (Unit.Const in const expressions)
2026-06-25T00:53:05Z  v60  ee7f8e3d2ff3e63ad09640eed09eb99ac49963bfedc21af6aaa0745c89e71886  fd3b7cb086945da5839c87aa530f27bb0b22be1e  chore(stable): pin v59 (inactive-branch comment/string skip)
2026-06-25T01:09:01Z  v61  594c8b9000c59653ee0a2b373aeaeb09283ddf6bcb8364143757ae8c974a716d  01ca7e732d405dba7597e00923829171449ac18a  chore(stable): pin v60 (const char/string-literal concatenation)
2026-06-25T01:17:35Z  v62  dfb8af60648ccb7505f1fa1f38269e3c3a141ce0edcb5a4ba4461d3699411c57  7e05c373121b711195065bb5fa39998544a5630e  chore(stable): pin v61 (string const/literal indexing fix)
2026-06-25T01:34:49Z  v63  eba1cd90e81bafdde46c3b07e1b22d8995037b39b18b6b285120f5ea5fb46e5c  b6347dcd675b174428b244c03d63422eea7c44a7  chore(stable): pin v62 (textfile RTL ambient in units)
2026-06-25T01:47:32Z  v64  7ef62d9a47cb503b7bb05c35c614ac36618857c2e2cb4dd01f8cdb1351721074  bb9c443da43d9f02622ea62becb6b708f399962f  chore(stable): pin v63 (plain by-value record param temp)
2026-06-25T06:29:18Z  v65  59412e1f244117c047280df3624a15d71cc440af829dd80d550cac47f96d9da7  53f19ae2e894194c558a88aedddb5b71a45b81e6  chore(stable): pin v64 (int arg to float param conversion)
2026-06-25T06:40:21Z  v66  06d1bd830003f4b75462242817c4658a23771fbe645062fa80b5672ba7b97b3a  20b99286f65f874b902ccce9ea382031aa6965d1  chore(stable): pin v65 (aarch64/arm32 record temp by-value arg)
2026-06-25T08:15:18Z  v67  d688cea6b593687318b6dae5d8df631c30b345509824c16c39899781c03ae053  a0cb08b908edbe52dec491f1a78d441d61d0ad0a  fix(setlength): managed-string field via var-param (address-based IR_SETLEN_STR)
2026-06-25T09:50:07Z  v68  b1c1d6a34d2620362e5b78a9cfaaac7af8ab01701651c4f68263a52556d1756c  b2481b8ee73264b2fc71f74fe4cea52a14f89329  docs(progress): close pchar-to-string; note dynlib loader done-for-x86-64
